16:28:17 **** Build of configuration Debug for project P4B ****
make all 
Building file: ../csim.c
Invoking: GCC C Compiler
gcc -O0 -g3 -Wall -c -fmessage-length=0 -MMD -MP -MF"csim.d" -MT"csim.o" -o "csim.o" "../csim.c"
Finished building: ../csim.c
 
Building target: P4B
Invoking: MacOS X C Linker
gcc  -o "P4B"  ./csim.o   
Finished building target: P4B
 
16:34:52 **** Incremental Build of configuration Debug for project P4B ****
make all 
make: Nothing to be done for `all'.
16:38:06 **** Incremental Build of configuration Debug for project P4B ****
make all 
Building file: ../test.c
Invoking: GCC C Compiler
gcc -O0 -g3 -Wall -c -fmessage-length=0 -MMD -MP -MF"test.d" -MT"test.o" -o "test.o" "../test.c"
Finished building: ../test.c
 
Building target: P4B
Invoking: MacOS X C Linker
gcc  -o "P4B"  ./csim.o ./test.o   
Finished building target: P4B
 
16:38:29 **** Incremental Build of configuration Debug for project P4B ****
make all 
make: Nothing to be done for `all'.
16:38:51 **** Incremental Build of configuration Debug for project P4B ****
make all 
make: Nothing to be done for `all'.
16:39:34 **** Incremental Build of configuration Debug for project P4B ****
make all 
make: Nothing to be done for `all'.
16:39:38 **** Incremental Build of configuration Debug for project P4B ****
make all 
make: Nothing to be done for `all'.
16:40:33 **** Incremental Build of configuration Debug for project P4B ****
make all 
Building file: ../test.c
Invoking: GCC C Compiler
gcc -O0 -g3 -Wall -c -fmessage-length=0 -MMD -MP -MF"test.d" -MT"test.o" -o "test.o" "../test.c"
../test.c:9:2: warning: implicitly declaring library function 'printf' with type 'int (const char *, ...)' [-Wimplicit-function-declaration]
        printf("aa");
        ^
../test.c:9:2: note: include the header <stdio.h> or explicitly provide a declaration for 'printf'
1 warning generated.
Finished building: ../test.c
 
Building target: P4B
Invoking: MacOS X C Linker
gcc  -o "P4B"  ./csim.o ./test.o   
duplicate symbol _main in:
    ./csim.o
    ./test.o
ld: 1 duplicate symbol for architecture x86_64
clang: error: linker command failed with exit code 1 (use -v to see invocation)
make: *** [P4B] Error 1
16:40:51 **** Incremental Build of configuration Debug for project P4B ****
make all 
Building file: ../csim.c
Invoking: GCC C Compiler
gcc -O0 -g3 -Wall -c -fmessage-length=0 -MMD -MP -MF"csim.d" -MT"csim.o" -o "csim.o" "../csim.c"
Finished building: ../csim.c
 
Building target: P4B
Invoking: MacOS X C Linker
gcc  -o "P4B"  ./csim.o ./test.o   
duplicate symbol _main in:
    ./csim.o
    ./test.o
ld: 1 duplicate symbol for architecture x86_64
clang: error: linker command failed with exit code 1 (use -v to see invocation)
make: *** [P4B] Error 1
16:40:54 **** Incremental Build of configuration Debug for project P4B ****
make all 
Building target: P4B
Invoking: MacOS X C Linker
gcc  -o "P4B"  ./csim.o ./test.o   
duplicate symbol _main in:
    ./csim.o
    ./test.o
ld: 1 duplicate symbol for architecture x86_64
clang: error: linker command failed with exit code 1 (use -v to see invocation)
make: *** [P4B] Error 1
16:41:33 **** Incremental Build of configuration Debug for project P4B ****
make all 
Building target: P4B
Invoking: MacOS X C Linker
gcc  -o "P4B"  ./csim.o ./test.o   
duplicate symbol _main in:
    ./csim.o
    ./test.o
ld: 1 duplicate symbol for architecture x86_64
clang: error: linker command failed with exit code 1 (use -v to see invocation)
make: *** [P4B] Error 1
16:41:34 **** Incremental Build of configuration Debug for project P4B ****
make all 
Building target: P4B
Invoking: MacOS X C Linker
gcc  -o "P4B"  ./csim.o ./test.o   
duplicate symbol _main in:
    ./csim.o
    ./test.o
ld: 1 duplicate symbol for architecture x86_64
clang: error: linker command failed with exit code 1 (use -v to see invocation)
make: *** [P4B] Error 1
16:41:35 **** Incremental Build of configuration Debug for project P4B ****
make all 
Building target: P4B
Invoking: MacOS X C Linker
gcc  -o "P4B"  ./csim.o ./test.o   
duplicate symbol _main in:
    ./csim.o
    ./test.o
ld: 1 duplicate symbol for architecture x86_64
clang: error: linker command failed with exit code 1 (use -v to see invocation)
make: *** [P4B] Error 1
16:41:35 **** Incremental Build of configuration Debug for project P4B ****
make all 
Building target: P4B
Invoking: MacOS X C Linker
gcc  -o "P4B"  ./csim.o ./test.o   
duplicate symbol _main in:
    ./csim.o
    ./test.o
ld: 1 duplicate symbol for architecture x86_64
clang: error: linker command failed with exit code 1 (use -v to see invocation)
make: *** [P4B] Error 1
16:41:35 **** Incremental Build of configuration Debug for project P4B ****
make all 
Building target: P4B
Invoking: MacOS X C Linker
gcc  -o "P4B"  ./csim.o ./test.o   
duplicate symbol _main in:
    ./csim.o
    ./test.o
ld: 1 duplicate symbol for architecture x86_64
clang: error: linker command failed with exit code 1 (use -v to see invocation)
make: *** [P4B] Error 1
16:43:02 **** Incremental Build of configuration Debug for project P4B ****
make all 
Building target: P4B
Invoking: MacOS X C Linker
gcc  -o "P4B"  ./csim.o   
Finished building target: P4B
 
16:43:06 **** Incremental Build of configuration Debug for project P4B ****
make all 
make: Nothing to be done for `all'.
16:43:08 **** Incremental Build of configuration Debug for project P4B ****
make all 
make: Nothing to be done for `all'.
18:17:33 **** Incremental Build of configuration Debug for project P4B ****
make all 
Building file: ../csim.c
Invoking: GCC C Compiler
gcc -O0 -g3 -Wall -c -fmessage-length=0 -MMD -MP -MF"csim.d" -MT"csim.o" -o "csim.o" "../csim.c"
../csim.c:134:14: warning: implicit declaration of function 'getLRULine' is invalid in C99 [-Wimplicit-function-declaration]
                        int LRU = getLRULine(cache[sTarget]);
                                  ^
../csim.c:140:34: warning: implicit declaration of function 'getMaxCounterInSet' is invalid in C99 [-Wimplicit-function-declaration]
                        cache[sTarget][LRU].counter = getMaxCounterInSet(cache[sTarget]);
                                                      ^
../csim.c:209:14: warning: implicit declaration of function 'print' is invalid in C99 [-Wimplicit-function-declaration]
                print("hit ");
                ^
3 warnings generated.
Finished building: ../csim.c
 
Building target: P4B
Invoking: MacOS X C Linker
gcc  -o "P4B"  ./csim.o   
Undefined symbols for architecture x86_64:
  "_print", referenced from:
      _replay_trace in csim.o
     (maybe you meant: _print_summary, _print_usage )
ld: symbol(s) not found for architecture x86_64
clang: error: linker command failed with exit code 1 (use -v to see invocation)
make: *** [P4B] Error 1
18:19:01 **** Incremental Build of configuration Debug for project P4B ****
make all 
Building file: ../csim.c
Invoking: GCC C Compiler
gcc -O0 -g3 -Wall -c -fmessage-length=0 -MMD -MP -MF"csim.d" -MT"csim.o" -o "csim.o" "../csim.c"
../csim.c:209:14: warning: implicit declaration of function 'print' is invalid in C99 [-Wimplicit-function-declaration]
                print("hit ");
                ^
1 warning generated.
Finished building: ../csim.c
 
Building target: P4B
Invoking: MacOS X C Linker
gcc  -o "P4B"  ./csim.o   
Undefined symbols for architecture x86_64:
  "_print", referenced from:
      _replay_trace in csim.o
     (maybe you meant: _print_summary, _print_usage )
ld: symbol(s) not found for architecture x86_64
clang: error: linker command failed with exit code 1 (use -v to see invocation)
make: *** [P4B] Error 1
18:19:57 **** Incremental Build of configuration Debug for project P4B ****
make all 
Building file: ../csim.c
Invoking: GCC C Compiler
gcc -O0 -g3 -Wall -c -fmessage-length=0 -MMD -MP -MF"csim.d" -MT"csim.o" -o "csim.o" "../csim.c"
Finished building: ../csim.c
 
Building target: P4B
Invoking: MacOS X C Linker
gcc  -o "P4B"  ./csim.o   
Finished building target: P4B
 
